<?xml version="1.0" encoding="UTF-8"?>
<!-- Generated by org.testng.reporters.JUnitReportReporter -->
<testsuite skipped="0" hostname="LAPTOP-BF6O2SVC" name="tests.SmokeValidRegisteredTest" tests="9" failures="0" timestamp="2020-02-27T20:28:33 CET" time="469.022" errors="0">
  <testcase name="NewTripValidation" time="19.190" classname="tests.SmokeValidRegisteredTest"/>
  <system-out>
New Trip validation Test Start button is displayed User Selected start button :Trip Started Enabling bluetooth Bluetooth is Enabled now Permission required for location Permission granted for Location Permission granted for Location:Location Enabled  </system-out>
  <testcase name="LoginValidation" time="14.017" classname="tests.SmokeValidRegisteredTest"/>
  <system-out>
Running Login screen validation Test Tacx logo is displayed :true User has entered EmailAddress User has entered password User has clicked on login button  </system-out>
  <testcase name="LocationSearchValidation" time="4.696" classname="tests.SmokeValidRegisteredTest"/>
  <system-out>
Search Result validation Test User searched with city name as :koppenberg Search result displayed with selected location User selected the search result  </system-out>
  <testcase name="TacxFeatureValidation" time="301.733" classname="tests.SmokeValidRegisteredTest"/>
  <system-out>
Tacx Feature validation Test Power in Watt is :0597 Percentage value is :0.1 % Current Speed in KM/H is :54.1 RPM  value is :53 BPM value is :136 Calorie in KCAL is :124 Tacx trip screen is displayed is validated succesfully Tacx Training menu is selected by User Distance progress bar is displayed  </system-out>
  <testcase name="HomePageValidation" time="6.707" classname="tests.SmokeValidRegisteredTest"/>
  <system-out>
Running HomePAge validation test User Skipped the tacx tutorial screen User loggedIn displayed with Tacx logo :true New Ride tab is Displayed on Home Screen  </system-out>
  <testcase name="NewRideValidation" time="3.630" classname="tests.SmokeValidRegisteredTest"/>
  <system-out>
New Ride Section validation Test User selected New Ride  Tacx New Ride screen is displayed with search bar User clicked on Search bar to search for new location  </system-out>
  <testcase name="DemoTripValidation" time="12.293" classname="tests.SmokeValidRegisteredTest"/>
  <system-out>
Demo Trip validation Test Demo Started by User Training Screen is displayed Training started :Awaiting new trip.. Start now option is displayed to user in trip Trip Started by User  </system-out>
  <testcase name="RideStopvalidation" time="91.371" classname="tests.SmokeValidRegisteredTest"/>
  <system-out>
Tacx Ride stop validation Test Stop button is dispalyed in Menu Reporter Selected the Stop trip option  </system-out>
  <testcase name="TacxLogoutFeatureTest" time="15.385" classname="tests.SmokeValidRegisteredTest"/>
  <system-out>
Tacx Logout Feature validation Test User selected the setting ICON :ICON displayed Correct user account name is displayed User is successfully logged from account Tacx logo is displayed :true  </system-out>
</testsuite> <!-- tests.SmokeValidRegisteredTest -->
