<?xml version="1.0" encoding="UTF-8"?>
<!-- Generated by org.testng.reporters.JUnitReportReporter -->
<testsuite skipped="0" hostname="LAPTOP-BF6O2SVC" name="tests.InitialClass" tests="1" failures="0" timestamp="2020-02-20T19:33:26 CET" time="6.075" errors="0">
  <testcase name="SampleTest" time="6.075" classname="tests.InitialClass"/>
  <system-out/>
</testsuite> <!-- tests.InitialClass -->
