<?xml version="1.0" encoding="UTF-8"?>
<!-- Generated by org.testng.reporters.JUnitReportReporter -->
<testsuite skipped="0" hostname="LAPTOP-BF6O2SVC" name="tests.RegisteredUser" tests="1" failures="0" timestamp="2020-02-26T13:25:25 CET" time="334.735" errors="0">
  <testcase name="LoginScreenValidation" time="334.735" classname="tests.RegisteredUser"/>
  <system-out/>
</testsuite> <!-- tests.RegisteredUser -->
